Arguments: 
  C:\Program Files\nodejs\node.exe C:\Users\82102\AppData\Roaming\npm\node_modules\yarn\bin\yarn.js add react-revealyarn add react-reveal

PATH: 
  C:\Program Files (x86)\Windows Resource Kits\Tools\;C:\Program Files\Common Files\Oracle\Java\javapath;"C:\Program Files (x86)\Common Files\Oracle\Java\javapath;C:\Program Files (x86)\MySQL\MySQL Server 5.5\bin";C:\Program Files (x86)\Intel\Intel(R) Management Engine Components\iCLS\;C:\Program Files\Intel\Intel(R) Management Engine Components\iCLS\;"C:\Program Files\Java\jdk1.8.0_241\bin;C:\WINDOWS\system32";C:\WINDOWS;C:\WINDOWS\System32\Wbem;C:\WINDOWS\System32\WindowsPowerShell\v1.0\;C:\WINDOWS\System32\OpenSSH\;C:\Program Files (x86)\Intel\Intel(R) Management Engine Components\DAL;C:\Program Files\Intel\Intel(R) Management Engine Components\DAL;C:\Program Files (x86)\Windows Live\Shared;C:\Program Files\Java\jdk1.8.0_231\bin;";C:\Program Files\Git\cmd;C:\Users\82102\AppData\Local\Android\Sdk\platform-tools;;C:\Program Files\Git\bin\;C:\Program Files\Git\cmd\;C:\WINDOWS\system32";C:\Python39;C:\Python39\Scripts;C:\Program Files\nodejs\;%MAVEN_HOME%bin;;C:\Program Files\Docker\Docker\resources\bin;C:\ProgramData\DockerDesktop\version-bin;C:\windows\system32;C:\Users\82102\AppData\Local\Programs\Python\Python39;C:\Users\82102\AppData\Local\Microsoft\WindowsApps;C:\Program Files\Java\jdk-18.0.2.1\bin;C:\Users\82102\AppData\Local\Programs\Microsoft VS Code\bin;C:\Program Files\JetBrains\PyCharm 2021.1\bin;;C:\Program Files\JetBrains\PyCharm Community Edition 2021.1\bin;;C:\Users\82102\AppData\Roaming\npm;C:\apache-maven-3.8.6\bin;

Yarn version: 
  1.22.19

Node version: 
  16.17.0

Platform: 
  win32 x64

Trace: 
  Error: https://registry.yarnpkg.com/react-revealyarn: Not found
      at Request.params.callback [as _callback] (C:\Users\82102\AppData\Roaming\npm\node_modules\yarn\lib\cli.js:66145:18)
      at Request.self.callback (C:\Users\82102\AppData\Roaming\npm\node_modules\yarn\lib\cli.js:140890:22)
      at Request.emit (node:events:513:28)
      at Request.<anonymous> (C:\Users\82102\AppData\Roaming\npm\node_modules\yarn\lib\cli.js:141862:10)
      at Request.emit (node:events:513:28)
      at IncomingMessage.<anonymous> (C:\Users\82102\AppData\Roaming\npm\node_modules\yarn\lib\cli.js:141784:12)
      at Object.onceWrapper (node:events:627:28)
      at IncomingMessage.emit (node:events:525:35)
      at endReadableNT (node:internal/streams/readable:1358:12)
      at processTicksAndRejections (node:internal/process/task_queues:83:21)

npm manifest: 
  {
    "name": "heyform",
    "version": "0.1.0",
    "private": true,
    "dependencies": {
      "@reduxjs/toolkit": "^1.8.5",
      "@testing-library/jest-dom": "^5.16.5",
      "@testing-library/react": "^13.4.0",
      "@testing-library/user-event": "^13.5.0",
      "bootstrap": "^5.2.1",
      "react": "^18.2.0",
      "react-bootstrap": "^2.5.0",
      "react-dom": "^18.2.0",
      "react-redux": "^8.0.2",
      "react-router-dom": "^6.4.0",
      "react-scripts": "5.0.1",
      "styled-components": "^5.3.5",
      "web-vitals": "^2.1.4",
      "workbox-background-sync": "^6.5.4",
      "workbox-broadcast-update": "^6.5.4",
      "workbox-cacheable-response": "^6.5.4",
      "workbox-core": "^6.5.4",
      "workbox-expiration": "^6.5.4",
      "workbox-google-analytics": "^6.5.4",
      "workbox-navigation-preload": "^6.5.4",
      "workbox-precaching": "^6.5.4",
      "workbox-range-requests": "^6.5.4",
      "workbox-routing": "^6.5.4",
      "workbox-strategies": "^6.5.4",
      "workbox-streams": "^6.5.4"
    },
    "scripts": {
      "start": "react-scripts start",
      "build": "react-scripts build",
      "test": "react-scripts test",
      "eject": "react-scripts eject"
    },
    "eslintConfig": {
      "extends": [
        "react-app",
        "react-app/jest"
      ]
    },
    "browserslist": {
      "production": [
        ">0.2%",
        "not dead",
        "not op_mini all"
      ],
      "development": [
        "last 1 chrome version",
        "last 1 firefox version",
        "last 1 safari version"
      ]
    }
  }

yarn manifest: 
  No manifest

Lockfile: 
  No lockfile
